<?xml version="1.0" encoding="UTF-8"?>
<robot generator="Robot 3.2.1 (Python 3.8.3 on win32)" generated="20200721 16:41:15.188" rpa="false">
<suite id="s1" name="TC RT 01" source="C:\Users\AnkeLahaije\Documents\GitHub\ROBOT_TEST\Tests\NMA\ART\TC_RT_01.robot">
<test id="s1-t1" name="This is sample testcase">
<kw name="Open Browser" library="SeleniumLibrary">
<doc>Opens a new browser instance to the optional ``url``.</doc>
<arguments>
<arg>https://www.google.com</arg>
<arg>chrome</arg>
</arguments>
<msg timestamp="20200721 16:41:15.558" level="INFO">Opening browser 'chrome' to base url 'https://www.google.com'.</msg>
<status status="PASS" starttime="20200721 16:41:15.558" endtime="20200721 16:41:21.031"></status>
</kw>
<kw name="Close Browser" library="SeleniumLibrary">
<doc>Closes the current browser.</doc>
<status status="PASS" starttime="20200721 16:41:21.031" endtime="20200721 16:41:23.197"></status>
</kw>
<doc>Google test</doc>
<tags>
<tag>regression</tag>
</tags>
<status status="PASS" starttime="20200721 16:41:15.557" endtime="20200721 16:41:23.199" critical="yes"></status>
</test>
<status status="PASS" starttime="20200721 16:41:15.190" endtime="20200721 16:41:23.206"></status>
</suite>
<statistics>
<total>
<stat pass="1" fail="0">Critical Tests</stat>
<stat pass="1" fail="0">All Tests</stat>
</total>
<tag>
<stat pass="1" fail="0">regression</stat>
</tag>
<suite>
<stat pass="1" fail="0" id="s1" name="TC RT 01">TC RT 01</stat>
</suite>
</statistics>
<errors>
</errors>
</robot>
